<?xml version="1.0" encoding="UTF-8"?>
<!-- Generated by org.testng.reporters.JUnitReportReporter -->
<testsuite skipped="0" hostname="DESKTOP-IQGUCPF" name="com.mst.sutomation.allied.regressiontestcases.Registration" tests="1" failures="0" timestamp="26 May 2020 12:50:43 GMT" time="4.112" errors="0">
  <testcase name="NewRegistration" time="4.112" classname="com.mst.sutomation.allied.regressiontestcases.Registration"/>
</testsuite> <!-- com.mst.sutomation.allied.regressiontestcases.Registration -->
