<?xml version="1.0" encoding="UTF-8"?>
<!-- Generated by org.testng.reporters.JUnitReportReporter -->
<testsuite skipped="0" hostname="DESKTOP-IQGUCPF" name="com.mst.sutomation.allied.regressiontestcases.DelegateApplication" tests="1" failures="0" timestamp="22 Jun 2020 07:44:25 GMT" time="42.016" errors="0">
  <testcase name="Sumarry" time="42.016" classname="com.mst.sutomation.allied.regressiontestcases.DelegateApplication"/>
</testsuite> <!-- com.mst.sutomation.allied.regressiontestcases.DelegateApplication -->
